TN:
SF:src/firebase/auth.ts
FN:21,(anonymous_0)
FN:26,(anonymous_1)
FN:44,(anonymous_2)
FN:48,(anonymous_3)
FN:53,(anonymous_4)
FN:57,(anonymous_5)
FN:58,(anonymous_6)
FNF:7
FNH:7
FNDA:4,(anonymous_0)
FNDA:3,(anonymous_1)
FNDA:1,(anonymous_2)
FNDA:1,(anonymous_3)
FNDA:1,(anonymous_4)
FNDA:1,(anonymous_5)
FNDA:1,(anonymous_6)
DA:1,1
DA:2,1
DA:21,1
DA:22,4
DA:23,4
DA:24,4
DA:26,4
DA:27,3
DA:29,3
DA:43,4
DA:45,1
DA:49,1
DA:50,1
DA:54,1
DA:58,1
DA:59,1
LF:16
LH:16
BRDA:27,0,0,0
BRDA:34,1,0,3
BRDA:34,1,1,0
BRDA:37,2,0,3
BRDA:37,2,1,0
BRF:5
BRH:2
end_of_record
TN:
SF:src/firebase/firestore.ts
FN:30,(anonymous_0)
FN:35,(anonymous_1)
FN:41,(anonymous_2)
FN:47,(anonymous_3)
FN:53,(anonymous_4)
FN:57,(anonymous_5)
FN:60,(anonymous_6)
FN:66,(anonymous_7)
FN:66,(anonymous_8)
FN:66,(anonymous_9)
FNF:10
FNH:7
FNDA:5,(anonymous_0)
FNDA:1,(anonymous_1)
FNDA:1,(anonymous_2)
FNDA:1,(anonymous_3)
FNDA:1,(anonymous_4)
FNDA:1,(anonymous_5)
FNDA:2,(anonymous_6)
FNDA:0,(anonymous_7)
FNDA:0,(anonymous_8)
FNDA:0,(anonymous_9)
DA:1,1
DA:19,1
DA:30,1
DA:31,5
DA:32,5
DA:34,5
DA:36,1
DA:37,1
DA:38,1
DA:43,1
DA:44,1
DA:49,1
DA:50,1
DA:54,1
DA:58,1
DA:59,1
DA:60,2
DA:66,1
LF:18
LH:18
BRDA:38,0,0,1
BRDA:38,0,1,0
BRF:2
BRH:1
end_of_record
TN:
SF:src/speech/googleSpeechService.ts
FN:8,(anonymous_0)
FN:12,(anonymous_1)
FN:16,(anonymous_2)
FN:17,(anonymous_3)
FN:23,(anonymous_4)
FN:29,(anonymous_5)
FN:42,(anonymous_6)
FN:48,(anonymous_7)
FN:49,(anonymous_8)
FN:87,(anonymous_9)
FN:114,(anonymous_10)
FN:118,(anonymous_11)
FNF:12
FNH:12
FNDA:4,(anonymous_0)
FNDA:2,(anonymous_1)
FNDA:10,(anonymous_2)
FNDA:120,(anonymous_3)
FNDA:1,(anonymous_4)
FNDA:3,(anonymous_5)
FNDA:1,(anonymous_6)
FNDA:1,(anonymous_7)
FNDA:1,(anonymous_8)
FNDA:5,(anonymous_9)
FNDA:1,(anonymous_10)
FNDA:5,(anonymous_11)
DA:8,1
DA:9,4
DA:12,4
DA:13,2
DA:14,2
DA:16,2
DA:17,120
DA:18,10
DA:23,4
DA:24,1
DA:25,1
DA:29,4
DA:31,3
DA:35,3
DA:36,3
DA:38,3
DA:41,4
DA:47,1
DA:48,1
DA:49,1
DA:50,1
DA:51,1
DA:53,0
DA:56,1
DA:60,1
DA:76,1
DA:77,0
DA:80,1
DA:83,1
DA:84,1
DA:86,1
DA:87,5
DA:88,1
DA:91,1
DA:109,1
DA:111,1
DA:115,1
DA:117,1
DA:118,5
DA:119,1
DA:121,1
DA:139,1
DA:141,1
LF:43
LH:41
BRDA:9,0,0,4
BRDA:9,0,1,4
BRDA:17,1,0,120
BRDA:17,1,1,115
BRDA:25,2,0,1
BRDA:25,2,1,0
BRDA:31,3,0,3
BRDA:31,3,1,0
BRDA:50,4,0,1
BRDA:50,4,1,0
BRDA:67,5,0,1
BRDA:67,5,1,0
BRDA:68,6,0,1
BRDA:68,6,1,0
BRDA:76,7,0,0
BRDA:83,8,0,1
BRDA:83,8,1,0
BRDA:88,9,0,1
BRDA:88,9,1,0
BRDA:119,10,0,1
BRDA:119,10,1,0
BRF:21
BRH:12
end_of_record
