TN:
SF:src/components/AuthExample.tsx
FN:14,(anonymous_0)
FN:21,(anonymous_1)
FN:23,(anonymous_2)
FN:29,(anonymous_3)
FN:32,(anonymous_4)
FN:60,(anonymous_5)
FNF:6
FNH:6
FNDA:16,(anonymous_0)
FNDA:6,(anonymous_1)
FNDA:5,(anonymous_2)
FNDA:6,(anonymous_3)
FNDA:2,(anonymous_4)
FNDA:1,(anonymous_5)
DA:6,1
DA:7,1
DA:14,1
DA:15,16
DA:16,16
DA:17,16
DA:18,16
DA:19,16
DA:21,16
DA:23,6
DA:24,5
DA:25,5
DA:29,6
DA:32,16
DA:33,2
DA:34,2
DA:35,2
DA:37,2
DA:40,1
DA:41,1
DA:42,1
DA:50,0
DA:53,1
DA:54,1
DA:56,2
DA:60,16
DA:61,1
DA:62,1
DA:63,1
DA:65,0
DA:66,0
DA:70,16
DA:71,8
DA:74,8
LF:34
LH:31
BRDA:41,0,0,1
BRDA:41,0,1,0
BRDA:70,1,0,8
BRDA:76,2,0,8
BRDA:76,2,1,1
BRDA:78,3,0,3
BRDA:78,3,1,5
BRDA:80,4,0,3
BRDA:80,4,1,0
BRDA:81,5,0,3
BRDA:81,5,1,3
BRF:11
BRH:9
end_of_record
